<?xml version="1.0" encoding="UTF-8"?>
<!-- Generated by org.testng.reporters.JUnitReportReporter -->
<testsuite hostname="SADEV-07" failures="0" tests="1" name="tests.SearchTestWithcsv" time="4.729" errors="0" timestamp="2024-03-20T16:33:26 EET" skipped="0">
  <testcase classname="tests.SearchTestWithcsv" name="Search" time="4.729"/>
</testsuite> <!-- tests.SearchTestWithcsv -->
